Determining if the pthread_create exist failed with the following output:
Change Dir: /home/haskellcurry/projects/sdl_plus_plus_v4/build/CMakeFiles/CMakeTmp

Run Build Command:"/usr/bin/make" "cmTC_26ae1/fast"
/usr/bin/make -f CMakeFiles/cmTC_26ae1.dir/build.make CMakeFiles/cmTC_26ae1.dir/build
make[1]: Entering directory '/home/haskellcurry/projects/sdl_plus_plus_v4/build/CMakeFiles/CMakeTmp'
Building C object CMakeFiles/cmTC_26ae1.dir/CheckSymbolExists.c.o
/usr/bin/cc     -o CMakeFiles/cmTC_26ae1.dir/CheckSymbolExists.c.o   -c /home/haskellcurry/projects/sdl_plus_plus_v4/build/CMakeFiles/CMakeTmp/CheckSymbolExists.c
Linking C executable cmTC_26ae1
/usr/bin/cmake -E cmake_link_script CMakeFiles/cmTC_26ae1.dir/link.txt --verbose=1
/usr/bin/cc       CMakeFiles/cmTC_26ae1.dir/CheckSymbolExists.c.o  -o cmTC_26ae1 -rdynamic 
CMakeFiles/cmTC_26ae1.dir/CheckSymbolExists.c.o: In function `main':
CheckSymbolExists.c:(.text+0x1b): undefined reference to `pthread_create'
collect2: error: ld returned 1 exit status
CMakeFiles/cmTC_26ae1.dir/build.make:97: recipe for target 'cmTC_26ae1' failed
make[1]: *** [cmTC_26ae1] Error 1
make[1]: Leaving directory '/home/haskellcurry/projects/sdl_plus_plus_v4/build/CMakeFiles/CMakeTmp'
Makefile:126: recipe for target 'cmTC_26ae1/fast' failed
make: *** [cmTC_26ae1/fast] Error 2

File /home/haskellcurry/projects/sdl_plus_plus_v4/build/CMakeFiles/CMakeTmp/CheckSymbolExists.c:
/* */
#include <pthread.h>

int main(int argc, char** argv)
{
  (void)argv;
#ifndef pthread_create
  return ((int*)(&pthread_create))[argc];
#else
  (void)argc;
  return 0;
#endif
}

Determining if the function pthread_create exists in the pthreads failed with the following output:
Change Dir: /home/haskellcurry/projects/sdl_plus_plus_v4/build/CMakeFiles/CMakeTmp

Run Build Command:"/usr/bin/make" "cmTC_6eb19/fast"
/usr/bin/make -f CMakeFiles/cmTC_6eb19.dir/build.make CMakeFiles/cmTC_6eb19.dir/build
make[1]: Entering directory '/home/haskellcurry/projects/sdl_plus_plus_v4/build/CMakeFiles/CMakeTmp'
Building C object CMakeFiles/cmTC_6eb19.dir/CheckFunctionExists.c.o
/usr/bin/cc    -DCHECK_FUNCTION_EXISTS=pthread_create   -o CMakeFiles/cmTC_6eb19.dir/CheckFunctionExists.c.o   -c /usr/share/cmake-3.7/Modules/CheckFunctionExists.c
Linking C executable cmTC_6eb19
/usr/bin/cmake -E cmake_link_script CMakeFiles/cmTC_6eb19.dir/link.txt --verbose=1
/usr/bin/cc   -DCHECK_FUNCTION_EXISTS=pthread_create    CMakeFiles/cmTC_6eb19.dir/CheckFunctionExists.c.o  -o cmTC_6eb19 -rdynamic -lpthreads 
/usr/bin/ld: cannot find -lpthreads
collect2: error: ld returned 1 exit status
CMakeFiles/cmTC_6eb19.dir/build.make:97: recipe for target 'cmTC_6eb19' failed
make[1]: *** [cmTC_6eb19] Error 1
make[1]: Leaving directory '/home/haskellcurry/projects/sdl_plus_plus_v4/build/CMakeFiles/CMakeTmp'
Makefile:126: recipe for target 'cmTC_6eb19/fast' failed
make: *** [cmTC_6eb19/fast] Error 2


